<?xml version="1.0" encoding="UTF-8"?>
<testng-results skipped="0" failed="0" total="2" passed="2">
  <reporter-output>
  </reporter-output>
  <suite name="Default suite" duration-ms="8066" started-at="2019-07-16T14:43:36Z" finished-at="2019-07-16T14:43:44Z">
    <groups>
    </groups>
    <test name="Default test" duration-ms="8066" started-at="2019-07-16T14:43:36Z" finished-at="2019-07-16T14:43:44Z">
      <class name="Singleton.Class_1">
        <test-method status="PASS" signature="Setup()[pri:0, instance:Singleton.Class_1@1417077]" name="Setup" is-config="true" duration-ms="7961" started-at="2019-07-16T20:13:36Z" finished-at="2019-07-16T20:13:44Z">
          <reporter-output>
          </reporter-output>
        </test-method> <!-- Setup -->
        <test-method status="PASS" signature="Test1()[pri:0, instance:Singleton.Class_1@1417077]" name="Test1" duration-ms="43" started-at="2019-07-16T20:13:44Z" finished-at="2019-07-16T20:13:44Z">
          <reporter-output>
          </reporter-output>
        </test-method> <!-- Test1 -->
        <test-method status="PASS" signature="Test2()[pri:0, instance:Singleton.Class_1@1417077]" name="Test2" duration-ms="38" started-at="2019-07-16T20:13:44Z" finished-at="2019-07-16T20:13:44Z">
          <reporter-output>
          </reporter-output>
        </test-method> <!-- Test2 -->
        <test-method status="PASS" signature="Setup()[pri:0, instance:Singleton.Class_1@1417077]" name="Setup" is-config="true" duration-ms="0" started-at="2019-07-16T20:13:44Z" finished-at="2019-07-16T20:13:44Z">
          <reporter-output>
          </reporter-output>
        </test-method> <!-- Setup -->
      </class> <!-- Singleton.Class_1 -->
    </test> <!-- Default test -->
  </suite> <!-- Default suite -->
</testng-results>
