<?xml version="1.0" encoding="UTF-8"?>
<testng-results skipped="0" failed="0" total="1" passed="1">
  <reporter-output>
  </reporter-output>
  <suite name="Default suite" duration-ms="25422" started-at="2019-07-15T15:17:06Z" finished-at="2019-07-15T15:17:32Z">
    <groups>
    </groups>
    <test name="Default test" duration-ms="25422" started-at="2019-07-15T15:17:06Z" finished-at="2019-07-15T15:17:32Z">
      <class name="TestNG.java.Headless">
        <test-method status="PASS" signature="headlless()[pri:0, instance:TestNG.java.Headless@dbe50f]" name="headlless" duration-ms="25402" started-at="2019-07-15T20:47:06Z" finished-at="2019-07-15T20:47:32Z">
          <reporter-output>
          </reporter-output>
        </test-method> <!-- headlless -->
      </class> <!-- TestNG.java.Headless -->
    </test> <!-- Default test -->
  </suite> <!-- Default suite -->
</testng-results>
