<?xml version="1.0" encoding="UTF-8"?>
<!-- Generated by org.testng.reporters.JUnitXMLReporter -->
<testsuite hostname="abc-PC" name="test2" tests="3" failures="0" timestamp="10 Jun 2019 14:07:05 GMT" time="6.494" errors="0">
  <testcase name="Method12" time="6.456" classname="RetryLogic.RetryTest"/>
  <testcase name="Method123" time="0.006" classname="RetryLogic.RetryTest">
    <skipped/>
  </testcase> <!-- Method123 -->
  <testcase name="Method123" time="0.001" classname="RetryLogic.RetryTest">
    <skipped/>
  </testcase> <!-- Method123 -->
</testsuite> <!-- test2 -->
